Base path: C:/Program Files (x86)/Unity/Editor/Data
Pipe name: \\.\pipe\UnityShaderCompiler-1-3356
Cmd: getPlatforms
Cmd: preprocess
  insize=1218 outsize=1046 ok=1
Cmd: preprocess
  insize=1671 outsize=948 ok=1
Cmd: preprocess
  insize=827 outsize=743 ok=1
Cmd: preprocess
  insize=1907 outsize=961 ok=1
Cmd: preprocess
  insize=238 outsize=238 ok=1
Cmd: preprocess
  insize=1602 outsize=535 ok=1
Cmd: preprocess
  insize=1940 outsize=918 ok=1
Cmd: preprocess
  insize=1230 outsize=1058 ok=1
Cmd: preprocess
  insize=514 outsize=514 ok=1
Cmd: preprocess
  insize=1943 outsize=936 ok=1
Cmd: preprocess
  insize=815 outsize=731 ok=1
Cmd: preprocess
  insize=1541 outsize=535 ok=1
Cmd: preprocess
  insize=1984 outsize=958 ok=1
Cmd: preprocess
  insize=817 outsize=733 ok=1
Cmd: preprocess
  insize=1236 outsize=1064 ok=1
Cmd: preprocess
  insize=1914 outsize=947 ok=1
Cmd: preprocess
  insize=1907 outsize=944 ok=1
Cmd: preprocess
  insize=1982 outsize=959 ok=1
Cmd: preprocess
  insize=720 outsize=636 ok=1
Cmd: preprocess
  insize=2003 outsize=921 ok=1
Cmd: preprocess
  insize=962 outsize=816 ok=1
Cmd: preprocess
  insize=829 outsize=745 ok=1
Cmd: preprocess
  insize=469 outsize=469 ok=1
Cmd: preprocess
  insize=1170 outsize=479 ok=1
Cmd: preprocess
  insize=1624 outsize=947 ok=1
Cmd: preprocess
  insize=1315 outsize=524 ok=1
Cmd: preprocess
  insize=1772 outsize=993 ok=1
Cmd: preprocess
  insize=1216 outsize=1044 ok=1
